{"C:\\Users\\noisy\\Documents\\SPORA\\spora-server\\src\\app.js": {"path":"C:\\Users\\noisy\\Documents\\SPORA\\spora-server\\src\\app.js","statementMap":{"0":{"start":{"line":1,"column":0},"end":{"line":1,"column":32}},"1":{"start":{"line":2,"column":16},"end":{"line":2,"column":34}},"2":{"start":{"line":3,"column":13},"end":{"line":3,"column":28}},"3":{"start":{"line":4,"column":15},"end":{"line":4,"column":32}},"4":{"start":{"line":5,"column":15},"end":{"line":5,"column":32}},"5":{"start":{"line":7,"column":19},"end":{"line":7,"column":43}},"6":{"start":{"line":8,"column":20},"end":{"line":8,"column":46}},"7":{"start":{"line":9,"column":21},"end":{"line":9,"column":48}},"8":{"start":{"line":10,"column":20},"end":{"line":10,"column":45}},"9":{"start":{"line":11,"column":21},"end":{"line":11,"column":48}},"10":{"start":{"line":12,"column":19},"end":{"line":12,"column":44}},"11":{"start":{"line":13,"column":21},"end":{"line":13,"column":47}},"12":{"start":{"line":14,"column":35},"end":{"line":14,"column":64}},"13":{"start":{"line":16,"column":12},"end":{"line":16,"column":21}},"14":{"start":{"line":18,"column":0},"end":{"line":18,"column":18}},"15":{"start":{"line":19,"column":0},"end":{"line":19,"column":58}},"16":{"start":{"line":20,"column":0},"end":{"line":20,"column":41}},"17":{"start":{"line":21,"column":0},"end":{"line":21,"column":23}},"18":{"start":{"line":23,"column":0},"end":{"line":25,"column":3}},"19":{"start":{"line":24,"column":2},"end":{"line":24,"column":25}},"20":{"start":{"line":27,"column":0},"end":{"line":27,"column":33}},"21":{"start":{"line":28,"column":0},"end":{"line":28,"column":36}},"22":{"start":{"line":29,"column":0},"end":{"line":29,"column":38}},"23":{"start":{"line":30,"column":0},"end":{"line":30,"column":35}},"24":{"start":{"line":31,"column":0},"end":{"line":31,"column":38}},"25":{"start":{"line":32,"column":0},"end":{"line":32,"column":34}},"26":{"start":{"line":33,"column":0},"end":{"line":33,"column":37}},"27":{"start":{"line":35,"column":0},"end":{"line":35,"column":18}},"28":{"start":{"line":36,"column":0},"end":{"line":36,"column":22}},"29":{"start":{"line":38,"column":0},"end":{"line":38,"column":21}}},"fnMap":{"0":{"name":"(anonymous_0)","decl":{"start":{"line":23,"column":23},"end":{"line":23,"column":24}},"loc":{"start":{"line":23,"column":37},"end":{"line":25,"column":1}},"line":23}},"branchMap":{"0":{"loc":{"start":{"line":19,"column":23},"end":{"line":19,"column":53}},"type":"binary-expr","locations":[{"start":{"line":19,"column":23},"end":{"line":19,"column":46}},{"start":{"line":19,"column":50},"end":{"line":19,"column":53}}],"line":19}},"s":{"0":3,"1":3,"2":3,"3":3,"4":3,"5":3,"6":3,"7":3,"8":3,"9":3,"10":3,"11":3,"12":3,"13":3,"14":3,"15":3,"16":3,"17":3,"18":3,"19":1,"20":3,"21":3,"22":3,"23":3,"24":3,"25":3,"26":3,"27":3,"28":3,"29":3},"f":{"0":1},"b":{"0":[3,3]},"_coverageSchema":"1a1c01bbd47fc00a2c39e90264f33305004495a9","hash":"29484a3ca975a603a0afbba564e5f91ca7e66b75"}
,"C:\\Users\\noisy\\Documents\\SPORA\\spora-server\\src\\middleware\\auth.js": {"path":"C:\\Users\\noisy\\Documents\\SPORA\\spora-server\\src\\middleware\\auth.js","statementMap":{"0":{"start":{"line":1,"column":12},"end":{"line":1,"column":35}},"1":{"start":{"line":2,"column":13},"end":{"line":2,"column":38}},"2":{"start":{"line":5,"column":17},"end":{"line":5,"column":42}},"3":{"start":{"line":6,"column":2},"end":{"line":8,"column":3}},"4":{"start":{"line":7,"column":4},"end":{"line":7,"column":60}},"5":{"start":{"line":10,"column":16},"end":{"line":10,"column":52}},"6":{"start":{"line":11,"column":2},"end":{"line":24,"column":3}},"7":{"start":{"line":12,"column":20},"end":{"line":12,"column":61}},"8":{"start":{"line":13,"column":4},"end":{"line":15,"column":5}},"9":{"start":{"line":14,"column":6},"end":{"line":14,"column":62}},"10":{"start":{"line":16,"column":17},"end":{"line":16,"column":49}},"11":{"start":{"line":17,"column":4},"end":{"line":19,"column":5}},"12":{"start":{"line":18,"column":6},"end":{"line":18,"column":61}},"13":{"start":{"line":20,"column":4},"end":{"line":20,"column":20}},"14":{"start":{"line":21,"column":4},"end":{"line":21,"column":11}},"15":{"start":{"line":23,"column":4},"end":{"line":23,"column":60}},"16":{"start":{"line":28,"column":2},"end":{"line":34,"column":4}},"17":{"start":{"line":29,"column":21},"end":{"line":29,"column":35}},"18":{"start":{"line":30,"column":4},"end":{"line":32,"column":5}},"19":{"start":{"line":31,"column":6},"end":{"line":31,"column":58}},"20":{"start":{"line":33,"column":4},"end":{"line":33,"column":11}},"21":{"start":{"line":38,"column":17},"end":{"line":38,"column":42}},"22":{"start":{"line":39,"column":2},"end":{"line":41,"column":3}},"23":{"start":{"line":40,"column":4},"end":{"line":40,"column":18}},"24":{"start":{"line":42,"column":16},"end":{"line":42,"column":52}},"25":{"start":{"line":43,"column":2},"end":{"line":48,"column":12}},"26":{"start":{"line":44,"column":20},"end":{"line":44,"column":61}},"27":{"start":{"line":45,"column":4},"end":{"line":45,"column":50}},"28":{"start":{"line":45,"column":36},"end":{"line":45,"column":50}},"29":{"start":{"line":46,"column":17},"end":{"line":46,"column":49}},"30":{"start":{"line":47,"column":4},"end":{"line":47,"column":65}},"31":{"start":{"line":47,"column":49},"end":{"line":47,"column":65}},"32":{"start":{"line":49,"column":2},"end":{"line":49,"column":9}},"33":{"start":{"line":52,"column":0},"end":{"line":52,"column":60}}},"fnMap":{"0":{"name":"requireAuth","decl":{"start":{"line":4,"column":15},"end":{"line":4,"column":26}},"loc":{"start":{"line":4,"column":43},"end":{"line":25,"column":1}},"line":4},"1":{"name":"requireRole","decl":{"start":{"line":27,"column":9},"end":{"line":27,"column":20}},"loc":{"start":{"line":27,"column":31},"end":{"line":35,"column":1}},"line":27},"2":{"name":"(anonymous_2)","decl":{"start":{"line":28,"column":9},"end":{"line":28,"column":10}},"loc":{"start":{"line":28,"column":29},"end":{"line":34,"column":3}},"line":28},"3":{"name":"optionalAuth","decl":{"start":{"line":37,"column":15},"end":{"line":37,"column":27}},"loc":{"start":{"line":37,"column":44},"end":{"line":50,"column":1}},"line":37}},"branchMap":{"0":{"loc":{"start":{"line":6,"column":2},"end":{"line":8,"column":3}},"type":"if","locations":[{"start":{"line":6,"column":2},"end":{"line":8,"column":3}},{"start":{},"end":{}}],"line":6},"1":{"loc":{"start":{"line":6,"column":6},"end":{"line":6,"column":46}},"type":"binary-expr","locations":[{"start":{"line":6,"column":6},"end":{"line":6,"column":13}},{"start":{"line":6,"column":17},"end":{"line":6,"column":46}}],"line":6},"2":{"loc":{"start":{"line":13,"column":4},"end":{"line":15,"column":5}},"type":"if","locations":[{"start":{"line":13,"column":4},"end":{"line":15,"column":5}},{"start":{},"end":{}}],"line":13},"3":{"loc":{"start":{"line":17,"column":4},"end":{"line":19,"column":5}},"type":"if","locations":[{"start":{"line":17,"column":4},"end":{"line":19,"column":5}},{"start":{},"end":{}}],"line":17},"4":{"loc":{"start":{"line":17,"column":8},"end":{"line":17,"column":48}},"type":"binary-expr","locations":[{"start":{"line":17,"column":8},"end":{"line":17,"column":13}},{"start":{"line":17,"column":17},"end":{"line":17,"column":48}}],"line":17},"5":{"loc":{"start":{"line":30,"column":4},"end":{"line":32,"column":5}},"type":"if","locations":[{"start":{"line":30,"column":4},"end":{"line":32,"column":5}},{"start":{},"end":{}}],"line":30},"6":{"loc":{"start":{"line":30,"column":8},"end":{"line":30,"column":46}},"type":"binary-expr","locations":[{"start":{"line":30,"column":8},"end":{"line":30,"column":17}},{"start":{"line":30,"column":21},"end":{"line":30,"column":46}}],"line":30},"7":{"loc":{"start":{"line":39,"column":2},"end":{"line":41,"column":3}},"type":"if","locations":[{"start":{"line":39,"column":2},"end":{"line":41,"column":3}},{"start":{},"end":{}}],"line":39},"8":{"loc":{"start":{"line":39,"column":6},"end":{"line":39,"column":46}},"type":"binary-expr","locations":[{"start":{"line":39,"column":6},"end":{"line":39,"column":13}},{"start":{"line":39,"column":17},"end":{"line":39,"column":46}}],"line":39},"9":{"loc":{"start":{"line":45,"column":4},"end":{"line":45,"column":50}},"type":"if","locations":[{"start":{"line":45,"column":4},"end":{"line":45,"column":50}},{"start":{},"end":{}}],"line":45},"10":{"loc":{"start":{"line":47,"column":4},"end":{"line":47,"column":65}},"type":"if","locations":[{"start":{"line":47,"column":4},"end":{"line":47,"column":65}},{"start":{},"end":{}}],"line":47},"11":{"loc":{"start":{"line":47,"column":8},"end":{"line":47,"column":47}},"type":"binary-expr","locations":[{"start":{"line":47,"column":8},"end":{"line":47,"column":12}},{"start":{"line":47,"column":16},"end":{"line":47,"column":47}}],"line":47}},"s":{"0":4,"1":4,"2":5,"3":5,"4":2,"5":3,"6":3,"7":3,"8":3,"9":1,"10":2,"11":2,"12":0,"13":2,"14":2,"15":0,"16":14,"17":2,"18":2,"19":1,"20":1,"21":4,"22":4,"23":3,"24":1,"25":1,"26":1,"27":0,"28":0,"29":0,"30":0,"31":0,"32":1,"33":4},"f":{"0":5,"1":14,"2":2,"3":4},"b":{"0":[2,3],"1":[5,3],"2":[1,2],"3":[0,2],"4":[2,2],"5":[1,1],"6":[2,2],"7":[3,1],"8":[4,1],"9":[0,0],"10":[0,0],"11":[0,0]},"_coverageSchema":"1a1c01bbd47fc00a2c39e90264f33305004495a9","hash":"20b59f189e3b9a92417e69be89698284406fc6fa"}
,"C:\\Users\\noisy\\Documents\\SPORA\\spora-server\\src\\middleware\\error.js": {"path":"C:\\Users\\noisy\\Documents\\SPORA\\spora-server\\src\\middleware\\error.js","statementMap":{"0":{"start":{"line":2,"column":2},"end":{"line":2,"column":47}},"1":{"start":{"line":6,"column":17},"end":{"line":6,"column":34}},"2":{"start":{"line":7,"column":18},"end":{"line":7,"column":47}},"3":{"start":{"line":8,"column":2},"end":{"line":8,"column":46}},"4":{"start":{"line":11,"column":0},"end":{"line":11,"column":44}}},"fnMap":{"0":{"name":"notFound","decl":{"start":{"line":1,"column":9},"end":{"line":1,"column":17}},"loc":{"start":{"line":1,"column":34},"end":{"line":3,"column":1}},"line":1},"1":{"name":"errorHandler","decl":{"start":{"line":5,"column":9},"end":{"line":5,"column":21}},"loc":{"start":{"line":5,"column":43},"end":{"line":9,"column":1}},"line":5}},"branchMap":{"0":{"loc":{"start":{"line":6,"column":17},"end":{"line":6,"column":34}},"type":"binary-expr","locations":[{"start":{"line":6,"column":17},"end":{"line":6,"column":27}},{"start":{"line":6,"column":31},"end":{"line":6,"column":34}}],"line":6},"1":{"loc":{"start":{"line":7,"column":18},"end":{"line":7,"column":47}},"type":"binary-expr","locations":[{"start":{"line":7,"column":18},"end":{"line":7,"column":29}},{"start":{"line":7,"column":33},"end":{"line":7,"column":47}}],"line":7}},"s":{"0":1,"1":2,"2":2,"3":2,"4":4},"f":{"0":1,"1":2},"b":{"0":[2,1],"1":[2,0]},"_coverageSchema":"1a1c01bbd47fc00a2c39e90264f33305004495a9","hash":"089e5d88f2273167daebcf752c767e452a5017f5"}
,"C:\\Users\\noisy\\Documents\\SPORA\\spora-server\\src\\routes\\admin.js": {"path":"C:\\Users\\noisy\\Documents\\SPORA\\spora-server\\src\\routes\\admin.js","statementMap":{"0":{"start":{"line":1,"column":16},"end":{"line":1,"column":34}},"1":{"start":{"line":18,"column":4},"end":{"line":18,"column":45}},"2":{"start":{"line":19,"column":37},"end":{"line":19,"column":66}},"3":{"start":{"line":21,"column":15},"end":{"line":21,"column":31}},"4":{"start":{"line":23,"column":0},"end":{"line":23,"column":46}},"5":{"start":{"line":25,"column":0},"end":{"line":25,"column":35}},"6":{"start":{"line":26,"column":0},"end":{"line":26,"column":31}},"7":{"start":{"line":27,"column":0},"end":{"line":27,"column":44}},"8":{"start":{"line":28,"column":0},"end":{"line":28,"column":32}},"9":{"start":{"line":29,"column":0},"end":{"line":29,"column":48}},"10":{"start":{"line":30,"column":0},"end":{"line":30,"column":52}},"11":{"start":{"line":31,"column":0},"end":{"line":31,"column":44}},"12":{"start":{"line":33,"column":0},"end":{"line":33,"column":36}},"13":{"start":{"line":34,"column":0},"end":{"line":34,"column":43}},"14":{"start":{"line":36,"column":0},"end":{"line":36,"column":36}},"15":{"start":{"line":37,"column":0},"end":{"line":37,"column":39}},"16":{"start":{"line":38,"column":0},"end":{"line":38,"column":54}},"17":{"start":{"line":39,"column":0},"end":{"line":39,"column":49}},"18":{"start":{"line":40,"column":0},"end":{"line":40,"column":51}},"19":{"start":{"line":41,"column":0},"end":{"line":41,"column":47}},"20":{"start":{"line":43,"column":0},"end":{"line":43,"column":24}}},"fnMap":{},"branchMap":{},"s":{"0":3,"1":3,"2":3,"3":3,"4":3,"5":3,"6":3,"7":3,"8":3,"9":3,"10":3,"11":3,"12":3,"13":3,"14":3,"15":3,"16":3,"17":3,"18":3,"19":3,"20":3},"f":{},"b":{},"_coverageSchema":"1a1c01bbd47fc00a2c39e90264f33305004495a9","hash":"af6558bcab904f066bb76ffd564ca8ae5ae25fee"}
,"C:\\Users\\noisy\\Documents\\SPORA\\spora-server\\src\\routes\\auth.js": {"path":"C:\\Users\\noisy\\Documents\\SPORA\\spora-server\\src\\routes\\auth.js","statementMap":{"0":{"start":{"line":1,"column":16},"end":{"line":1,"column":34}},"1":{"start":{"line":2,"column":68},"end":{"line":2,"column":108}},"2":{"start":{"line":3,"column":24},"end":{"line":3,"column":53}},"3":{"start":{"line":5,"column":15},"end":{"line":5,"column":31}},"4":{"start":{"line":7,"column":0},"end":{"line":7,"column":31}},"5":{"start":{"line":8,"column":0},"end":{"line":8,"column":41}},"6":{"start":{"line":9,"column":0},"end":{"line":12,"column":3}},"7":{"start":{"line":10,"column":2},"end":{"line":10,"column":55}},"8":{"start":{"line":11,"column":2},"end":{"line":11,"column":36}},"9":{"start":{"line":13,"column":0},"end":{"line":13,"column":31}},"10":{"start":{"line":14,"column":0},"end":{"line":14,"column":33}},"11":{"start":{"line":15,"column":0},"end":{"line":15,"column":35}},"12":{"start":{"line":16,"column":0},"end":{"line":16,"column":48}},"13":{"start":{"line":18,"column":0},"end":{"line":18,"column":24}}},"fnMap":{"0":{"name":"(anonymous_0)","decl":{"start":{"line":9,"column":29},"end":{"line":9,"column":30}},"loc":{"start":{"line":9,"column":49},"end":{"line":12,"column":1}},"line":9}},"branchMap":{},"s":{"0":3,"1":3,"2":3,"3":3,"4":3,"5":3,"6":3,"7":0,"8":0,"9":3,"10":3,"11":3,"12":3,"13":3},"f":{"0":0},"b":{},"_coverageSchema":"1a1c01bbd47fc00a2c39e90264f33305004495a9","hash":"b8c13c9e13ea8cfcffa7a09b5c48fe4b5626f75e"}
,"C:\\Users\\noisy\\Documents\\SPORA\\spora-server\\src\\routes\\floras.js": {"path":"C:\\Users\\noisy\\Documents\\SPORA\\spora-server\\src\\routes\\floras.js","statementMap":{"0":{"start":{"line":1,"column":16},"end":{"line":1,"column":34}},"1":{"start":{"line":8,"column":4},"end":{"line":8,"column":45}},"2":{"start":{"line":9,"column":51},"end":{"line":9,"column":80}},"3":{"start":{"line":11,"column":15},"end":{"line":11,"column":31}},"4":{"start":{"line":13,"column":0},"end":{"line":13,"column":42}},"5":{"start":{"line":14,"column":0},"end":{"line":14,"column":29}},"6":{"start":{"line":15,"column":0},"end":{"line":15,"column":79}},"7":{"start":{"line":16,"column":0},"end":{"line":16,"column":83}},"8":{"start":{"line":17,"column":0},"end":{"line":17,"column":84}},"9":{"start":{"line":19,"column":0},"end":{"line":19,"column":24}}},"fnMap":{},"branchMap":{},"s":{"0":3,"1":3,"2":3,"3":3,"4":3,"5":3,"6":3,"7":3,"8":3,"9":3},"f":{},"b":{},"_coverageSchema":"1a1c01bbd47fc00a2c39e90264f33305004495a9","hash":"ab93ba5c3f3a69b37594f69cc5726f7171724c65"}
,"C:\\Users\\noisy\\Documents\\SPORA\\spora-server\\src\\routes\\follows.js": {"path":"C:\\Users\\noisy\\Documents\\SPORA\\spora-server\\src\\routes\\follows.js","statementMap":{"0":{"start":{"line":1,"column":16},"end":{"line":1,"column":34}},"1":{"start":{"line":2,"column":65},"end":{"line":2,"column":107}},"2":{"start":{"line":3,"column":24},"end":{"line":3,"column":53}},"3":{"start":{"line":5,"column":15},"end":{"line":5,"column":31}},"4":{"start":{"line":7,"column":0},"end":{"line":7,"column":58}},"5":{"start":{"line":8,"column":0},"end":{"line":8,"column":45}},"6":{"start":{"line":9,"column":0},"end":{"line":9,"column":49}},"7":{"start":{"line":10,"column":0},"end":{"line":10,"column":62}},"8":{"start":{"line":12,"column":0},"end":{"line":12,"column":24}}},"fnMap":{},"branchMap":{},"s":{"0":3,"1":3,"2":3,"3":3,"4":3,"5":3,"6":3,"7":3,"8":3},"f":{},"b":{},"_coverageSchema":"1a1c01bbd47fc00a2c39e90264f33305004495a9","hash":"19417370c80fb11478666542003c06de61c06c7f"}
,"C:\\Users\\noisy\\Documents\\SPORA\\spora-server\\src\\routes\\reader.js": {"path":"C:\\Users\\noisy\\Documents\\SPORA\\spora-server\\src\\routes\\reader.js","statementMap":{"0":{"start":{"line":1,"column":16},"end":{"line":1,"column":34}},"1":{"start":{"line":2,"column":26},"end":{"line":2,"column":68}},"2":{"start":{"line":4,"column":15},"end":{"line":4,"column":31}},"3":{"start":{"line":6,"column":0},"end":{"line":6,"column":35}},"4":{"start":{"line":8,"column":0},"end":{"line":8,"column":24}}},"fnMap":{},"branchMap":{},"s":{"0":3,"1":3,"2":3,"3":3,"4":3},"f":{},"b":{},"_coverageSchema":"1a1c01bbd47fc00a2c39e90264f33305004495a9","hash":"918c02f73990ea9ddf4373e75ea8afb8e0a89325"}
,"C:\\Users\\noisy\\Documents\\SPORA\\spora-server\\src\\routes\\reports.js": {"path":"C:\\Users\\noisy\\Documents\\SPORA\\spora-server\\src\\routes\\reports.js","statementMap":{"0":{"start":{"line":1,"column":16},"end":{"line":1,"column":34}},"1":{"start":{"line":2,"column":25},"end":{"line":2,"column":67}},"2":{"start":{"line":3,"column":24},"end":{"line":3,"column":53}},"3":{"start":{"line":5,"column":15},"end":{"line":5,"column":31}},"4":{"start":{"line":7,"column":0},"end":{"line":7,"column":44}},"5":{"start":{"line":9,"column":0},"end":{"line":9,"column":24}}},"fnMap":{},"branchMap":{},"s":{"0":3,"1":3,"2":3,"3":3,"4":3,"5":3},"f":{},"b":{},"_coverageSchema":"1a1c01bbd47fc00a2c39e90264f33305004495a9","hash":"cb707c77f1065ba3f4d2d34da8364f33b12e9d96"}
,"C:\\Users\\noisy\\Documents\\SPORA\\spora-server\\src\\routes\\users.js": {"path":"C:\\Users\\noisy\\Documents\\SPORA\\spora-server\\src\\routes\\users.js","statementMap":{"0":{"start":{"line":1,"column":16},"end":{"line":1,"column":34}},"1":{"start":{"line":2,"column":39},"end":{"line":2,"column":81}},"2":{"start":{"line":3,"column":26},"end":{"line":3,"column":66}},"3":{"start":{"line":5,"column":15},"end":{"line":5,"column":31}},"4":{"start":{"line":7,"column":0},"end":{"line":7,"column":52}},"5":{"start":{"line":8,"column":0},"end":{"line":8,"column":43}},"6":{"start":{"line":9,"column":0},"end":{"line":9,"column":43}},"7":{"start":{"line":11,"column":0},"end":{"line":11,"column":24}}},"fnMap":{},"branchMap":{},"s":{"0":3,"1":3,"2":3,"3":3,"4":3,"5":3,"6":3,"7":3},"f":{},"b":{},"_coverageSchema":"1a1c01bbd47fc00a2c39e90264f33305004495a9","hash":"e137fd1d8d56cff0515b8fbdd1f2261b07658090"}
}
