TN:
SF:src\app.js
FN:23,(anonymous_0)
FNF:1
FNH:1
FNDA:1,(anonymous_0)
DA:1,3
DA:2,3
DA:3,3
DA:4,3
DA:5,3
DA:7,3
DA:8,3
DA:9,3
DA:10,3
DA:11,3
DA:12,3
DA:13,3
DA:14,3
DA:16,3
DA:18,3
DA:19,3
DA:20,3
DA:21,3
DA:23,3
DA:24,1
DA:27,3
DA:28,3
DA:29,3
DA:30,3
DA:31,3
DA:32,3
DA:33,3
DA:35,3
DA:36,3
DA:38,3
LF:30
LH:30
BRDA:19,0,0,3
BRDA:19,0,1,3
BRF:2
BRH:2
end_of_record
TN:
SF:src\middleware\auth.js
FN:4,requireAuth
FN:27,requireRole
FN:28,(anonymous_2)
FN:37,optionalAuth
FNF:4
FNH:4
FNDA:5,requireAuth
FNDA:14,requireRole
FNDA:2,(anonymous_2)
FNDA:4,optionalAuth
DA:1,4
DA:2,4
DA:5,5
DA:6,5
DA:7,2
DA:10,3
DA:11,3
DA:12,3
DA:13,3
DA:14,1
DA:16,2
DA:17,2
DA:18,0
DA:20,2
DA:21,2
DA:23,0
DA:28,14
DA:29,2
DA:30,2
DA:31,1
DA:33,1
DA:38,4
DA:39,4
DA:40,3
DA:42,1
DA:43,1
DA:44,1
DA:45,0
DA:46,0
DA:47,0
DA:49,1
DA:52,4
LF:32
LH:27
BRDA:6,0,0,2
BRDA:6,0,1,3
BRDA:6,1,0,5
BRDA:6,1,1,3
BRDA:13,2,0,1
BRDA:13,2,1,2
BRDA:17,3,0,0
BRDA:17,3,1,2
BRDA:17,4,0,2
BRDA:17,4,1,2
BRDA:30,5,0,1
BRDA:30,5,1,1
BRDA:30,6,0,2
BRDA:30,6,1,2
BRDA:39,7,0,3
BRDA:39,7,1,1
BRDA:39,8,0,4
BRDA:39,8,1,1
BRDA:45,9,0,0
BRDA:45,9,1,0
BRDA:47,10,0,0
BRDA:47,10,1,0
BRDA:47,11,0,0
BRDA:47,11,1,0
BRF:24
BRH:17
end_of_record
TN:
SF:src\middleware\error.js
FN:1,notFound
FN:5,errorHandler
FNF:2
FNH:2
FNDA:1,notFound
FNDA:2,errorHandler
DA:2,1
DA:6,2
DA:7,2
DA:8,2
DA:11,4
LF:5
LH:5
BRDA:6,0,0,2
BRDA:6,0,1,1
BRDA:7,1,0,2
BRDA:7,1,1,0
BRF:4
BRH:3
end_of_record
TN:
SF:src\routes\admin.js
FNF:0
FNH:0
DA:1,3
DA:18,3
DA:19,3
DA:21,3
DA:23,3
DA:25,3
DA:26,3
DA:27,3
DA:28,3
DA:29,3
DA:30,3
DA:31,3
DA:33,3
DA:34,3
DA:36,3
DA:37,3
DA:38,3
DA:39,3
DA:40,3
DA:41,3
DA:43,3
LF:21
LH:21
BRF:0
BRH:0
end_of_record
TN:
SF:src\routes\auth.js
FN:9,(anonymous_0)
FNF:1
FNH:0
FNDA:0,(anonymous_0)
DA:1,3
DA:2,3
DA:3,3
DA:5,3
DA:7,3
DA:8,3
DA:9,3
DA:10,0
DA:11,0
DA:13,3
DA:14,3
DA:15,3
DA:16,3
DA:18,3
LF:14
LH:12
BRF:0
BRH:0
end_of_record
TN:
SF:src\routes\floras.js
FNF:0
FNH:0
DA:1,3
DA:8,3
DA:9,3
DA:11,3
DA:13,3
DA:14,3
DA:15,3
DA:16,3
DA:17,3
DA:19,3
LF:10
LH:10
BRF:0
BRH:0
end_of_record
TN:
SF:src\routes\follows.js
FNF:0
FNH:0
DA:1,3
DA:2,3
DA:3,3
DA:5,3
DA:7,3
DA:8,3
DA:9,3
DA:10,3
DA:12,3
LF:9
LH:9
BRF:0
BRH:0
end_of_record
TN:
SF:src\routes\reader.js
FNF:0
FNH:0
DA:1,3
DA:2,3
DA:4,3
DA:6,3
DA:8,3
LF:5
LH:5
BRF:0
BRH:0
end_of_record
TN:
SF:src\routes\reports.js
FNF:0
FNH:0
DA:1,3
DA:2,3
DA:3,3
DA:5,3
DA:7,3
DA:9,3
LF:6
LH:6
BRF:0
BRH:0
end_of_record
TN:
SF:src\routes\users.js
FNF:0
FNH:0
DA:1,3
DA:2,3
DA:3,3
DA:5,3
DA:7,3
DA:8,3
DA:9,3
DA:11,3
LF:8
LH:8
BRF:0
BRH:0
end_of_record
